<?xml version="1.0" encoding="UTF-8"?>
<testsuite xmlns:xsi="http://www.w3.org/2001/XMLSchema-instance" xsi:schemaLocation="https://maven.apache.org/surefire/maven-surefire-plugin/xsd/surefire-test-report.xsd" name="jenkins.plugins.office365connector.HttpWorkerTest" time="0.992" tests="2" errors="0" skipped="0" failures="0">
  <properties>
[...]
</properties>
  <testcase name="testSendingMultipleWebhooks" classname="jenkins.plugins.office365connector.HttpWorkerTest" time="0.596"/>
  <testcase name="testMutipleTriesWorker" classname="jenkins.plugins.office365connector.HttpWorkerTest" time="0.024"/>
</testsuite>